2025-05-03 00:48:24,128 [INFO] Starting SBOM import process
2025-05-03 00:48:24,128 [INFO] Checking database at ./instance/sboms.db
2025-05-03 00:48:24,131 [INFO] SBOM table already exists
2025-05-03 00:48:24,134 [INFO] Found 177 SBOM files in ./SBOM Dataset
2025-05-03 00:48:24,135 [INFO] Found 1 additional SBOM files in ./sbom_files
2025-05-03 00:48:24,137 [INFO] Importing new SBOM telegram-telegram-linux-desktop.json...
2025-05-03 00:48:24,149 [INFO] Importing new SBOM eclipse-eclipse-linux-desktop.json...
2025-05-03 00:48:24,157 [INFO] Importing new SBOM blizzard-battlenet-macos-desktop.json...
2025-05-03 00:48:24,165 [INFO] Importing new SBOM google-chrome-linux-desktop.json...
2025-05-03 00:48:24,172 [INFO] Importing new SBOM teamviewer-teamviewer-ios-mobile.json...
2025-05-03 00:48:24,179 [INFO] Importing new SBOM sublime-sublimetext-windows-desktop.json...
2025-05-03 00:48:24,188 [INFO] Importing new SBOM adobe-premiere-windows-desktop.json...
2025-05-03 00:48:24,197 [INFO] Importing new SBOM apple-safari-ios-mobile.json...
2025-05-03 00:48:24,203 [INFO] Importing new SBOM zoom-zoom-linux-desktop.json...
2025-05-03 00:48:24,212 [INFO] Importing new SBOM microsoft-skype-windows-desktop.json...
2025-05-03 00:48:24,219 [INFO] Importing new SBOM mcafee-mcafee-macos-desktop.json...
2025-05-03 00:48:24,227 [INFO] Importing new SBOM telegram-telegram-ios-mobile.json...
2025-05-03 00:48:24,235 [INFO] Importing new SBOM symantec-norton-android-mobile.json...
2025-05-03 00:48:24,247 [INFO] Importing new SBOM symantec-norton-ios-mobile.json...
2025-05-03 00:48:24,256 [INFO] Importing new SBOM valve-steam-linux-desktop.json...
2025-05-03 00:48:24,266 [INFO] Importing new SBOM meta-whatsapp-ios-mobile.json...
2025-05-03 00:48:24,274 [INFO] Importing new SBOM anydesk-anydesk-android-mobile.json...
2025-05-03 00:48:24,284 [INFO] Importing new SBOM blackmagic-davinciresolve-linux-desktop.json...
2025-05-03 00:48:24,294 [INFO] Importing new SBOM apple-numbers-macos-desktop.json...
2025-05-03 00:48:24,305 [INFO] Importing new SBOM xbmc-kodi-windows-desktop.json...
2025-05-03 00:48:24,324 [INFO] Importing new SBOM salesforce-slack-macos-desktop.json...
2025-05-03 00:48:24,369 [INFO] Importing new SBOM zoom-zoom-windows-desktop.json...
2025-05-03 00:48:24,394 [INFO] Importing new SBOM apple-itunes-macos-desktop.json...
2025-05-03 00:48:24,456 [INFO] Importing new SBOM adobe-lightroom-windows-desktop.json...
2025-05-03 00:48:24,481 [INFO] Importing new SBOM microsoft-teams-android-mobile.json...
2025-05-03 00:48:24,490 [INFO] Importing new SBOM microsoft-teams-linux-desktop.json...
2025-05-03 00:48:24,498 [INFO] Importing new SBOM symantec-norton-macos-desktop.json...
2025-05-03 00:48:24,509 [INFO] Importing new SBOM anydesk-anydesk-ios-mobile.json...
2025-05-03 00:48:24,520 [INFO] Importing new SBOM malwarebytes-malwarebytes-windows-desktop.json...
2025-05-03 00:48:24,533 [INFO] Importing new SBOM piriform-ccleaner-windows-desktop.json...
2025-05-03 00:48:24,544 [INFO] Importing new SBOM blizzard-battlenet-windows-desktop.json...
2025-05-03 00:48:24,561 [INFO] Importing new SBOM gimp-gimp-macos-desktop.json...
2025-05-03 00:48:24,592 [INFO] Importing new SBOM teamviewer-teamviewer-linux-desktop.json...
2025-05-03 00:48:24,604 [INFO] Importing new SBOM telegram-telegram-macos-desktop.json...
2025-05-03 00:48:24,614 [INFO] Importing new SBOM anydesk-anydesk-linux-desktop.json...
2025-05-03 00:48:24,623 [INFO] Importing new SBOM microsoft-skype-macos-desktop.json...
2025-05-03 00:48:24,634 [INFO] Importing new SBOM discord-discord-ios-mobile.json...
2025-05-03 00:48:24,646 [INFO] Importing new SBOM mcafee-mcafee-windows-desktop.json...
2025-05-03 00:48:24,656 [INFO] Importing new SBOM gog-gog-windows-desktop.json...
2025-05-03 00:48:24,669 [INFO] Importing new SBOM teamviewer-teamviewer-macos-desktop.json...
2025-05-03 00:48:24,682 [INFO] Importing new SBOM microsoft-visualstudio-macos-desktop.json...
2025-05-03 00:48:24,698 [INFO] Importing new SBOM microsoft-office-windows-desktop.json...
2025-05-03 00:48:24,711 [INFO] Importing new SBOM valve-steam-windows-desktop.json...
2025-05-03 00:48:24,725 [INFO] Importing new SBOM microsoft-skype-android-mobile.json...
2025-05-03 00:48:24,738 [ERROR] Error parsing JSON from ./SBOM Dataset/gnu-gcc-linux-desktop.json: Expecting value: line 1 column 1 (char 0)
2025-05-03 00:48:24,739 [ERROR] Failed to extract metadata from gnu-gcc-linux-desktop.json
2025-05-03 00:48:24,739 [INFO] Importing new SBOM spotify-spotify-ios-mobile.json...
2025-05-03 00:48:24,751 [INFO] Importing new SBOM videolan-vlc-android-mobile.json...
2025-05-03 00:48:24,762 [INFO] Importing new SBOM xbmc-kodi-android-mobile.json...
2025-05-03 00:48:24,771 [INFO] Importing new SBOM eclipse-eclipse-windows-desktop.json...
2025-05-03 00:48:24,781 [INFO] Importing new SBOM avast-avast-windows-desktop.json...
2025-05-03 00:48:24,792 [INFO] Importing new SBOM lhc-vdm-editor.json...
2025-05-03 00:48:24,802 [INFO] Importing new SBOM apple-safari-macos-desktop.json...
2025-05-03 00:48:24,813 [INFO] Importing new SBOM meta-whatsapp-windows-desktop.json...
2025-05-03 00:48:24,828 [INFO] Importing new SBOM opera-opera-windows-desktop.json...
2025-05-03 00:48:24,842 [INFO] Importing new SBOM winamp-winamp-windows-desktop.json...
2025-05-03 00:48:24,856 [INFO] Importing new SBOM microsoft-vscode-linux-desktop.json...
2025-05-03 00:48:24,868 [INFO] Importing new SBOM microsoft-vscode-macos-desktop.json...
2025-05-03 00:48:24,882 [INFO] Importing new SBOM xbmc-kodi-macos-desktop.json...
2025-05-03 00:48:24,894 [INFO] Importing new SBOM salesforce-slack-android-mobile.json...
2025-05-03 00:48:24,948 [INFO] Importing new SBOM keycloak-parent.json...
2025-05-03 00:48:24,957 [INFO] Importing new SBOM discord-discord-macos-desktop.json...
2025-05-03 00:48:24,967 [INFO] Importing new SBOM telegram-telegram-android-mobile.json...
2025-05-03 00:48:24,977 [INFO] Importing new SBOM gog-gog-macos-desktop.json...
2025-05-03 00:48:24,987 [INFO] Importing new SBOM gimp-gimp-linux-desktop.json...
2025-05-03 00:48:24,997 [INFO] Importing new SBOM apple-keynote-macos-desktop.json...
2025-05-03 00:48:25,005 [INFO] Importing new SBOM microsoft-vscode-windows-desktop.json...
2025-05-03 00:48:25,021 [INFO] Importing new SBOM apple-finalcutpro-macos-desktop.json...
2025-05-03 00:48:25,033 [INFO] Importing new SBOM mozilla-firefox-macos-desktop.json...
2025-05-03 00:48:25,042 [INFO] Importing new SBOM kaspersky-kaspersky-android-mobile.json...
2025-05-03 00:48:25,051 [INFO] Importing new SBOM jetbrains-intellijidea-macos-desktop.json...
2025-05-03 00:48:25,059 [INFO] Importing new SBOM google-androidstudio-linux-desktop.json...
2025-05-03 00:48:25,068 [INFO] Importing new SBOM sublime-sublimetext-macos-desktop.json...
2025-05-03 00:48:25,077 [INFO] Importing new SBOM anydesk-anydesk-windows-desktop.json...
2025-05-03 00:48:25,104 [INFO] Importing new SBOM juice-shop.json...
2025-05-03 00:48:25,113 [INFO] Importing new SBOM salesforce-slack-linux-desktop.json...
2025-05-03 00:48:25,123 [INFO] Importing new SBOM spotify-spotify-linux-desktop.json...
2025-05-03 00:48:25,135 [INFO] Importing new SBOM videolan-vlc-ios-mobile.json...
2025-05-03 00:48:25,147 [INFO] Importing new SBOM spotify-spotify-windows-desktop.json...
2025-05-03 00:48:25,156 [INFO] Importing new SBOM blackmagic-davinciresolve-macos-desktop.json...
2025-05-03 00:48:25,167 [INFO] Importing new SBOM meta-whatsapp-android-mobile.json...
2025-05-03 00:48:25,179 [INFO] Importing new SBOM telegram-telegram-windows-desktop.json...
2025-05-03 00:48:25,191 [INFO] Importing new SBOM 7zip-7zip-windows-desktop.json...
2025-05-03 00:48:25,204 [INFO] Importing new SBOM onlyoffice-onlyoffice-macos-desktop.json...
2025-05-03 00:48:25,217 [INFO] Importing new SBOM meta-whatsapp-macos-desktop.json...
2025-05-03 00:48:25,232 [INFO] Importing new SBOM apple-itunes-windows-desktop.json...
2025-05-03 00:48:25,242 [INFO] Importing new SBOM opera-opera-linux-desktop.json...
2025-05-03 00:48:25,251 [INFO] Importing new SBOM adobe-lightroom-ios-mobile.json...
2025-05-03 00:48:25,261 [INFO] Importing new SBOM jetbrains-intellijidea-windows-desktop.json...
2025-05-03 00:48:25,272 [INFO] Importing new SBOM ea-origin-macos-desktop.json...
2025-05-03 00:48:25,281 [INFO] Importing new SBOM adobe-lightroom-macos-desktop.json...
2025-05-03 00:48:25,291 [INFO] Importing new SBOM zoom-zoom-macos-desktop.json...
2025-05-03 00:48:25,304 [INFO] Importing new SBOM rarlab-winrar-windows-desktop.json...
2025-05-03 00:48:25,316 [INFO] Importing new SBOM microsoft-office-macos-desktop.json...
2025-05-03 00:48:25,331 [INFO] Importing new SBOM sublime-sublimetext-linux-desktop.json...
2025-05-03 00:48:25,344 [INFO] Importing new SBOM opera-opera-macos-desktop.json...
2025-05-03 00:48:25,355 [INFO] Importing new SBOM proton-bridge-v1.8.0.bom.json...
2025-05-03 00:48:25,364 [INFO] Importing new SBOM zoom-zoom-android-mobile.json...
2025-05-03 00:48:25,373 [INFO] Importing new SBOM salesforce-slack-ios-mobile.json...
2025-05-03 00:48:25,387 [INFO] Importing new SBOM google-chrome-windows-desktop.json...
2025-05-03 00:48:25,398 [INFO] Importing new SBOM teamviewer-teamviewer-windows-desktop.json...
2025-05-03 00:48:25,409 [INFO] Importing new SBOM onlyoffice-onlyoffice-windows-desktop.json...
2025-05-03 00:48:25,417 [INFO] Importing new SBOM microsoft-skype-linux-desktop.json...
2025-05-03 00:48:25,431 [INFO] Importing new SBOM mcafee-mcafee-ios-mobile.json...
2025-05-03 00:48:25,440 [INFO] Importing new SBOM apple-numbers-ios-mobile.json...
2025-05-03 00:48:25,450 [INFO] Importing new SBOM brave-brave-linux-desktop.json...
2025-05-03 00:48:25,464 [INFO] Importing new SBOM proton-bridge-v1.6.3.bom.json...
2025-05-03 00:48:25,477 [INFO] Importing new SBOM mozilla-firefox-windows-desktop.json...
2025-05-03 00:48:25,485 [INFO] Importing new SBOM libreoffice-libreoffice-macos-desktop.json...
2025-05-03 00:48:25,495 [ERROR] Error parsing JSON from ./SBOM Dataset/postgresql-postgresql-linux-desktop.json: Expecting value: line 1 column 1 (char 0)
2025-05-03 00:48:25,496 [ERROR] Failed to extract metadata from postgresql-postgresql-linux-desktop.json
2025-05-03 00:48:25,496 [INFO] Importing new SBOM bitdefender-bitdefender-android-mobile.json...
2025-05-03 00:48:25,506 [INFO] Importing new SBOM ea-origin-windows-desktop.json...
2025-05-03 00:48:25,517 [INFO] Importing new SBOM microsoft-edge-windows-desktop.json...
2025-05-03 00:48:25,526 [INFO] Importing new SBOM spotify-spotify-macos-desktop.json...
2025-05-03 00:48:25,536 [INFO] Importing new SBOM malwarebytes-malwarebytes-macos-desktop.json...
2025-05-03 00:48:25,546 [INFO] Importing new SBOM microsoft-visualstudio-windows-desktop.json...
2025-05-03 00:48:25,556 [INFO] Importing new SBOM mojang-minecraft-windows-desktop.json...
2025-05-03 00:48:25,565 [INFO] Importing new SBOM apple-xcode-macos-desktop.json...
2025-05-03 00:48:25,574 [INFO] Importing new SBOM salesforce-slack-windows-desktop.json...
2025-05-03 00:48:25,584 [INFO] Importing new SBOM google-androidstudio-windows-desktop.json...
2025-05-03 00:48:25,593 [INFO] Importing new SBOM anydesk-anydesk-macos-desktop.json...
2025-05-03 00:48:25,602 [INFO] Importing new SBOM discord-discord-linux-desktop.json...
2025-05-03 00:48:25,610 [INFO] Importing new SBOM mcafee-mcafee-android-mobile.json...
2025-05-03 00:48:25,628 [INFO] Importing new SBOM apple-pages-macos-desktop.json...
2025-05-03 00:48:25,638 [INFO] Importing new SBOM blackmagic-davinciresolve-windows-desktop.json...
2025-05-03 00:48:25,647 [INFO] Importing new SBOM discord-discord-windows-desktop.json...
2025-05-03 00:48:25,663 [INFO] Importing new SBOM brave-brave-macos-desktop.json...
2025-05-03 00:48:25,673 [INFO] Importing new SBOM videolan-vlc-windows-desktop.json...
2025-05-03 00:48:25,684 [INFO] Importing new SBOM spotify-spotify-android-mobile.json...
2025-05-03 00:48:25,695 [INFO] Importing new SBOM mojang-minecraft-android-mobile.json...
2025-05-03 00:48:25,706 [INFO] Importing new SBOM gimp-gimp-windows-desktop.json...
2025-05-03 00:48:25,718 [INFO] Importing new SBOM mojang-minecraft-macos-desktop.json...
2025-05-03 00:48:25,732 [INFO] Importing new SBOM laravel.json...
2025-05-03 00:48:25,744 [INFO] Importing new SBOM libreoffice-libreoffice-windows-desktop.json...
2025-05-03 00:48:25,755 [INFO] Importing new SBOM microsoft-teams-macos-desktop.json...
2025-05-03 00:48:25,764 [INFO] Importing new SBOM cyclonedx-php-composer-demo1.json...
2025-05-03 00:48:25,773 [INFO] Importing new SBOM microsoft-skype-ios-mobile.json...
2025-05-03 00:48:25,783 [INFO] Importing new SBOM google-chrome-macos-desktop.json...
2025-05-03 00:48:25,794 [INFO] Importing new SBOM avast-avast-macos-desktop.json...
2025-05-03 00:48:25,803 [INFO] Importing new SBOM kaspersky-kaspersky-ios-mobile.json...
2025-05-03 00:48:25,813 [INFO] Importing new SBOM symantec-norton-windows-desktop.json...
2025-05-03 00:48:25,824 [INFO] Importing new SBOM zoom-zoom-ios-mobile.json...
2025-05-03 00:48:25,836 [INFO] Importing new SBOM kaspersky-kaspersky-windows-desktop.json...
2025-05-03 00:48:25,844 [INFO] Importing new SBOM adobe-lightroom-android-mobile.json...
2025-05-03 00:48:25,855 [INFO] Importing new SBOM apple-keynote-ios-mobile.json...
2025-05-03 00:48:25,864 [INFO] Importing new SBOM videolan-vlc-macos-desktop.json...
2025-05-03 00:48:25,876 [INFO] Importing new SBOM teamviewer-teamviewer-android-mobile.json...
2025-05-03 00:48:25,886 [INFO] Importing new SBOM eclipse-eclipse-macos-desktop.json...
2025-05-03 00:48:25,898 [INFO] Importing new SBOM adobe-photoshop-windows-desktop.json...
2025-05-03 00:48:25,911 [INFO] Importing new SBOM epic-epicgames-macos-desktop.json...
2025-05-03 00:48:25,922 [INFO] Importing new SBOM xbmc-kodi-linux-desktop.json...
2025-05-03 00:48:25,932 [INFO] Importing new SBOM kaspersky-kaspersky-macos-desktop.json...
2025-05-03 00:48:25,946 [INFO] Importing new SBOM mozilla-firefox-linux-desktop.json...
2025-05-03 00:48:25,959 [INFO] Importing new SBOM onlyoffice-onlyoffice-linux-desktop.json...
2025-05-03 00:48:25,970 [INFO] Importing new SBOM avast-avast-android-mobile.json...
2025-05-03 00:48:25,983 [INFO] Importing new SBOM mpc-mpc-hc-windows-desktop.json...
2025-05-03 00:48:25,996 [INFO] Importing new SBOM jetbrains-intellijidea-linux-desktop.json...
2025-05-03 00:48:26,009 [INFO] Importing new SBOM cyclonedx-php-composer-demo.json...
2025-05-03 00:48:26,021 [INFO] Importing new SBOM discord-discord-android-mobile.json...
2025-05-03 00:48:26,034 [INFO] Importing new SBOM apple-pages-ios-mobile.json...
2025-05-03 00:48:26,047 [INFO] Importing new SBOM microsoft-teams-windows-desktop.json...
2025-05-03 00:48:26,061 [INFO] Importing new SBOM macpaw-cleanmymac-macos-desktop.json...
2025-05-03 00:48:26,079 [INFO] Importing new SBOM videolan-vlc-linux-desktop.json...
2025-05-03 00:48:26,092 [INFO] Importing new SBOM brave-brave-windows-desktop.json...
2025-05-03 00:48:26,102 [INFO] Importing new SBOM mojang-minecraft-ios-mobile.json...
2025-05-03 00:48:26,113 [INFO] Importing new SBOM bitdefender-bitdefender-macos-desktop.json...
2025-05-03 00:48:26,123 [INFO] Importing new SBOM mojang-minecraft-linux-desktop.json...
2025-05-03 00:48:26,136 [INFO] Importing new SBOM google-androidstudio-macos-desktop.json...
2025-05-03 00:48:26,148 [INFO] Importing new SBOM adobe-photoshop-macos-desktop.json...
2025-05-03 00:48:26,160 [INFO] Importing new SBOM microsoft-teams-ios-mobile.json...
2025-05-03 00:48:26,172 [INFO] Importing new SBOM bitdefender-bitdefender-windows-desktop.json...
2025-05-03 00:48:26,209 [INFO] Importing new SBOM keycloak.json...
2025-05-03 00:48:26,221 [INFO] Importing new SBOM bitdefender-bitdefender-ios-mobile.json...
2025-05-03 00:48:26,232 [INFO] Importing new SBOM adobe-premiere-macos-desktop.json...
2025-05-03 00:48:26,244 [INFO] Importing new SBOM valve-steam-macos-desktop.json...
2025-05-03 00:48:26,256 [INFO] Importing new SBOM epic-epicgames-windows-desktop.json...
2025-05-03 00:48:26,268 [INFO] Importing new SBOM libreoffice-libreoffice-linux-desktop.json...
2025-05-03 00:48:26,278 [INFO] Importing new SBOM microsoft-edge-macos-desktop.json...
2025-05-03 00:48:26,293 [INFO] Importing new SBOM firefox_full_sbom.json...
2025-05-03 00:48:26,305 [INFO] SBOM import process completed
2025-05-03 00:48:26,306 [INFO] Successfully imported 176 SBOMs
2025-05-03 00:48:26,306 [WARNING] Failed to import 2 SBOMs
2025-05-03 00:48:26,307 [INFO] Total SBOMs in database: 176
2025-05-03 00:48:48,184 [INFO] Starting SBOM import process
2025-05-03 00:48:48,184 [INFO] Checking database at ./instance/sboms.db
2025-05-03 00:48:48,185 [INFO] SBOM table already exists
2025-05-03 00:48:48,187 [INFO] Found 177 SBOM files in ./SBOM Dataset
2025-05-03 00:48:48,189 [INFO] Found 1 additional SBOM files in ./sbom_files
2025-05-03 00:48:48,194 [INFO] SBOM telegram-telegram-linux-desktop.json already exists in database, updating...
2025-05-03 00:48:48,204 [INFO] SBOM eclipse-eclipse-linux-desktop.json already exists in database, updating...
2025-05-03 00:48:48,206 [INFO] SBOM blizzard-battlenet-macos-desktop.json already exists in database, updating...
2025-05-03 00:48:48,206 [INFO] SBOM google-chrome-linux-desktop.json already exists in database, updating...
2025-05-03 00:48:48,207 [INFO] SBOM teamviewer-teamviewer-ios-mobile.json already exists in database, updating...
2025-05-03 00:48:48,208 [INFO] SBOM sublime-sublimetext-windows-desktop.json already exists in database, updating...
2025-05-03 00:48:48,209 [INFO] SBOM adobe-premiere-windows-desktop.json already exists in database, updating...
2025-05-03 00:48:48,209 [INFO] SBOM apple-safari-ios-mobile.json already exists in database, updating...
2025-05-03 00:48:48,210 [INFO] SBOM zoom-zoom-linux-desktop.json already exists in database, updating...
2025-05-03 00:48:48,211 [INFO] SBOM microsoft-skype-windows-desktop.json already exists in database, updating...
2025-05-03 00:48:48,211 [INFO] SBOM mcafee-mcafee-macos-desktop.json already exists in database, updating...
2025-05-03 00:48:48,213 [INFO] SBOM telegram-telegram-ios-mobile.json already exists in database, updating...
2025-05-03 00:48:48,215 [INFO] SBOM symantec-norton-android-mobile.json already exists in database, updating...
2025-05-03 00:48:48,216 [INFO] SBOM symantec-norton-ios-mobile.json already exists in database, updating...
2025-05-03 00:48:48,217 [INFO] SBOM valve-steam-linux-desktop.json already exists in database, updating...
2025-05-03 00:48:48,218 [INFO] SBOM meta-whatsapp-ios-mobile.json already exists in database, updating...
2025-05-03 00:48:48,220 [INFO] SBOM anydesk-anydesk-android-mobile.json already exists in database, updating...
2025-05-03 00:48:48,221 [INFO] SBOM blackmagic-davinciresolve-linux-desktop.json already exists in database, updating...
2025-05-03 00:48:48,222 [INFO] SBOM apple-numbers-macos-desktop.json already exists in database, updating...
2025-05-03 00:48:48,223 [INFO] SBOM xbmc-kodi-windows-desktop.json already exists in database, updating...
2025-05-03 00:48:48,224 [INFO] SBOM salesforce-slack-macos-desktop.json already exists in database, updating...
2025-05-03 00:48:48,225 [INFO] SBOM zoom-zoom-windows-desktop.json already exists in database, updating...
2025-05-03 00:48:48,225 [INFO] SBOM apple-itunes-macos-desktop.json already exists in database, updating...
2025-05-03 00:48:48,226 [INFO] SBOM adobe-lightroom-windows-desktop.json already exists in database, updating...
2025-05-03 00:48:48,227 [INFO] SBOM microsoft-teams-android-mobile.json already exists in database, updating...
2025-05-03 00:48:48,228 [INFO] SBOM microsoft-teams-linux-desktop.json already exists in database, updating...
2025-05-03 00:48:48,228 [INFO] SBOM symantec-norton-macos-desktop.json already exists in database, updating...
2025-05-03 00:48:48,229 [INFO] SBOM anydesk-anydesk-ios-mobile.json already exists in database, updating...
2025-05-03 00:48:48,230 [INFO] SBOM malwarebytes-malwarebytes-windows-desktop.json already exists in database, updating...
2025-05-03 00:48:48,234 [INFO] SBOM piriform-ccleaner-windows-desktop.json already exists in database, updating...
2025-05-03 00:48:48,240 [INFO] SBOM blizzard-battlenet-windows-desktop.json already exists in database, updating...
2025-05-03 00:48:48,241 [INFO] SBOM gimp-gimp-macos-desktop.json already exists in database, updating...
2025-05-03 00:48:48,242 [INFO] SBOM teamviewer-teamviewer-linux-desktop.json already exists in database, updating...
2025-05-03 00:48:48,243 [INFO] SBOM telegram-telegram-macos-desktop.json already exists in database, updating...
2025-05-03 00:48:48,244 [INFO] SBOM anydesk-anydesk-linux-desktop.json already exists in database, updating...
2025-05-03 00:48:48,245 [INFO] SBOM microsoft-skype-macos-desktop.json already exists in database, updating...
2025-05-03 00:48:48,245 [INFO] SBOM discord-discord-ios-mobile.json already exists in database, updating...
2025-05-03 00:48:48,246 [INFO] SBOM mcafee-mcafee-windows-desktop.json already exists in database, updating...
2025-05-03 00:48:48,247 [INFO] SBOM gog-gog-windows-desktop.json already exists in database, updating...
2025-05-03 00:48:48,248 [INFO] SBOM teamviewer-teamviewer-macos-desktop.json already exists in database, updating...
2025-05-03 00:48:48,249 [INFO] SBOM microsoft-visualstudio-macos-desktop.json already exists in database, updating...
2025-05-03 00:48:48,249 [INFO] SBOM microsoft-office-windows-desktop.json already exists in database, updating...
2025-05-03 00:48:48,250 [INFO] SBOM valve-steam-windows-desktop.json already exists in database, updating...
2025-05-03 00:48:48,251 [INFO] SBOM microsoft-skype-android-mobile.json already exists in database, updating...
2025-05-03 00:48:48,252 [ERROR] Error parsing JSON from ./SBOM Dataset/gnu-gcc-linux-desktop.json: Expecting value: line 1 column 1 (char 0)
2025-05-03 00:48:48,253 [ERROR] Failed to extract metadata from gnu-gcc-linux-desktop.json
2025-05-03 00:48:48,256 [INFO] SBOM spotify-spotify-ios-mobile.json already exists in database, updating...
2025-05-03 00:48:48,257 [INFO] SBOM videolan-vlc-android-mobile.json already exists in database, updating...
2025-05-03 00:48:48,259 [INFO] SBOM xbmc-kodi-android-mobile.json already exists in database, updating...
2025-05-03 00:48:48,260 [INFO] SBOM eclipse-eclipse-windows-desktop.json already exists in database, updating...
2025-05-03 00:48:48,261 [INFO] SBOM avast-avast-windows-desktop.json already exists in database, updating...
2025-05-03 00:48:48,263 [INFO] SBOM lhc-vdm-editor.json already exists in database, updating...
2025-05-03 00:48:48,264 [INFO] SBOM apple-safari-macos-desktop.json already exists in database, updating...
2025-05-03 00:48:48,264 [INFO] SBOM meta-whatsapp-windows-desktop.json already exists in database, updating...
2025-05-03 00:48:48,265 [INFO] SBOM opera-opera-windows-desktop.json already exists in database, updating...
2025-05-03 00:48:48,266 [INFO] SBOM winamp-winamp-windows-desktop.json already exists in database, updating...
2025-05-03 00:48:48,266 [INFO] SBOM microsoft-vscode-linux-desktop.json already exists in database, updating...
2025-05-03 00:48:48,267 [INFO] SBOM microsoft-vscode-macos-desktop.json already exists in database, updating...
2025-05-03 00:48:48,268 [INFO] SBOM xbmc-kodi-macos-desktop.json already exists in database, updating...
2025-05-03 00:48:48,269 [INFO] SBOM salesforce-slack-android-mobile.json already exists in database, updating...
2025-05-03 00:48:48,345 [INFO] SBOM keycloak-parent.json already exists in database, updating...
2025-05-03 00:48:48,346 [INFO] SBOM discord-discord-macos-desktop.json already exists in database, updating...
2025-05-03 00:48:48,347 [INFO] SBOM telegram-telegram-android-mobile.json already exists in database, updating...
2025-05-03 00:48:48,348 [INFO] SBOM gog-gog-macos-desktop.json already exists in database, updating...
2025-05-03 00:48:48,362 [INFO] SBOM gimp-gimp-linux-desktop.json already exists in database, updating...
2025-05-03 00:48:48,363 [INFO] SBOM apple-keynote-macos-desktop.json already exists in database, updating...
2025-05-03 00:48:48,364 [INFO] SBOM microsoft-vscode-windows-desktop.json already exists in database, updating...
2025-05-03 00:48:48,365 [INFO] SBOM apple-finalcutpro-macos-desktop.json already exists in database, updating...
2025-05-03 00:48:48,366 [INFO] SBOM mozilla-firefox-macos-desktop.json already exists in database, updating...
2025-05-03 00:48:48,366 [INFO] SBOM kaspersky-kaspersky-android-mobile.json already exists in database, updating...
2025-05-03 00:48:48,367 [INFO] SBOM jetbrains-intellijidea-macos-desktop.json already exists in database, updating...
2025-05-03 00:48:48,368 [INFO] SBOM google-androidstudio-linux-desktop.json already exists in database, updating...
2025-05-03 00:48:48,369 [INFO] SBOM sublime-sublimetext-macos-desktop.json already exists in database, updating...
2025-05-03 00:48:48,370 [INFO] SBOM anydesk-anydesk-windows-desktop.json already exists in database, updating...
2025-05-03 00:48:48,392 [INFO] SBOM juice-shop.json already exists in database, updating...
2025-05-03 00:48:48,393 [INFO] SBOM salesforce-slack-linux-desktop.json already exists in database, updating...
2025-05-03 00:48:48,394 [INFO] SBOM spotify-spotify-linux-desktop.json already exists in database, updating...
2025-05-03 00:48:48,395 [INFO] SBOM videolan-vlc-ios-mobile.json already exists in database, updating...
2025-05-03 00:48:48,399 [INFO] SBOM spotify-spotify-windows-desktop.json already exists in database, updating...
2025-05-03 00:48:48,400 [INFO] SBOM blackmagic-davinciresolve-macos-desktop.json already exists in database, updating...
2025-05-03 00:48:48,403 [INFO] SBOM meta-whatsapp-android-mobile.json already exists in database, updating...
2025-05-03 00:48:48,405 [INFO] SBOM telegram-telegram-windows-desktop.json already exists in database, updating...
2025-05-03 00:48:48,407 [INFO] SBOM 7zip-7zip-windows-desktop.json already exists in database, updating...
2025-05-03 00:48:48,408 [INFO] SBOM onlyoffice-onlyoffice-macos-desktop.json already exists in database, updating...
2025-05-03 00:48:48,409 [INFO] SBOM meta-whatsapp-macos-desktop.json already exists in database, updating...
2025-05-03 00:48:48,410 [INFO] SBOM apple-itunes-windows-desktop.json already exists in database, updating...
2025-05-03 00:48:48,411 [INFO] SBOM opera-opera-linux-desktop.json already exists in database, updating...
2025-05-03 00:48:48,411 [INFO] SBOM adobe-lightroom-ios-mobile.json already exists in database, updating...
2025-05-03 00:48:48,412 [INFO] SBOM jetbrains-intellijidea-windows-desktop.json already exists in database, updating...
2025-05-03 00:48:48,413 [INFO] SBOM ea-origin-macos-desktop.json already exists in database, updating...
2025-05-03 00:48:48,414 [INFO] SBOM adobe-lightroom-macos-desktop.json already exists in database, updating...
2025-05-03 00:48:48,414 [INFO] SBOM zoom-zoom-macos-desktop.json already exists in database, updating...
2025-05-03 00:48:48,415 [INFO] SBOM rarlab-winrar-windows-desktop.json already exists in database, updating...
2025-05-03 00:48:48,416 [INFO] SBOM microsoft-office-macos-desktop.json already exists in database, updating...
2025-05-03 00:48:48,416 [INFO] SBOM sublime-sublimetext-linux-desktop.json already exists in database, updating...
2025-05-03 00:48:48,418 [INFO] SBOM opera-opera-macos-desktop.json already exists in database, updating...
2025-05-03 00:48:48,423 [INFO] SBOM proton-bridge-v1.8.0.bom.json already exists in database, updating...
2025-05-03 00:48:48,424 [INFO] SBOM zoom-zoom-android-mobile.json already exists in database, updating...
2025-05-03 00:48:48,425 [INFO] SBOM salesforce-slack-ios-mobile.json already exists in database, updating...
2025-05-03 00:48:48,426 [INFO] SBOM google-chrome-windows-desktop.json already exists in database, updating...
2025-05-03 00:48:48,427 [INFO] SBOM teamviewer-teamviewer-windows-desktop.json already exists in database, updating...
2025-05-03 00:48:48,428 [INFO] SBOM onlyoffice-onlyoffice-windows-desktop.json already exists in database, updating...
2025-05-03 00:48:48,428 [INFO] SBOM microsoft-skype-linux-desktop.json already exists in database, updating...
2025-05-03 00:48:48,429 [INFO] SBOM mcafee-mcafee-ios-mobile.json already exists in database, updating...
2025-05-03 00:48:48,429 [INFO] SBOM apple-numbers-ios-mobile.json already exists in database, updating...
2025-05-03 00:48:48,430 [INFO] SBOM brave-brave-linux-desktop.json already exists in database, updating...
2025-05-03 00:48:48,435 [INFO] SBOM proton-bridge-v1.6.3.bom.json already exists in database, updating...
2025-05-03 00:48:48,436 [INFO] SBOM mozilla-firefox-windows-desktop.json already exists in database, updating...
2025-05-03 00:48:48,437 [INFO] SBOM libreoffice-libreoffice-macos-desktop.json already exists in database, updating...
2025-05-03 00:48:48,437 [ERROR] Error parsing JSON from ./SBOM Dataset/postgresql-postgresql-linux-desktop.json: Expecting value: line 1 column 1 (char 0)
2025-05-03 00:48:48,438 [ERROR] Failed to extract metadata from postgresql-postgresql-linux-desktop.json
2025-05-03 00:48:48,439 [INFO] SBOM bitdefender-bitdefender-android-mobile.json already exists in database, updating...
2025-05-03 00:48:48,440 [INFO] SBOM ea-origin-windows-desktop.json already exists in database, updating...
2025-05-03 00:48:48,440 [INFO] SBOM microsoft-edge-windows-desktop.json already exists in database, updating...
2025-05-03 00:48:48,441 [INFO] SBOM spotify-spotify-macos-desktop.json already exists in database, updating...
2025-05-03 00:48:48,442 [INFO] SBOM malwarebytes-malwarebytes-macos-desktop.json already exists in database, updating...
2025-05-03 00:48:48,444 [INFO] SBOM microsoft-visualstudio-windows-desktop.json already exists in database, updating...
2025-05-03 00:48:48,445 [INFO] SBOM mojang-minecraft-windows-desktop.json already exists in database, updating...
2025-05-03 00:48:48,446 [INFO] SBOM apple-xcode-macos-desktop.json already exists in database, updating...
2025-05-03 00:48:48,447 [INFO] SBOM salesforce-slack-windows-desktop.json already exists in database, updating...
2025-05-03 00:48:48,448 [INFO] SBOM google-androidstudio-windows-desktop.json already exists in database, updating...
2025-05-03 00:48:48,449 [INFO] SBOM anydesk-anydesk-macos-desktop.json already exists in database, updating...
2025-05-03 00:48:48,450 [INFO] SBOM discord-discord-linux-desktop.json already exists in database, updating...
2025-05-03 00:48:48,451 [INFO] SBOM mcafee-mcafee-android-mobile.json already exists in database, updating...
2025-05-03 00:48:48,452 [INFO] SBOM apple-pages-macos-desktop.json already exists in database, updating...
2025-05-03 00:48:48,452 [INFO] SBOM blackmagic-davinciresolve-windows-desktop.json already exists in database, updating...
2025-05-03 00:48:48,453 [INFO] SBOM discord-discord-windows-desktop.json already exists in database, updating...
2025-05-03 00:48:48,454 [INFO] SBOM brave-brave-macos-desktop.json already exists in database, updating...
2025-05-03 00:48:48,455 [INFO] SBOM videolan-vlc-windows-desktop.json already exists in database, updating...
2025-05-03 00:48:48,455 [INFO] SBOM spotify-spotify-android-mobile.json already exists in database, updating...
2025-05-03 00:48:48,456 [INFO] SBOM mojang-minecraft-android-mobile.json already exists in database, updating...
2025-05-03 00:48:48,457 [INFO] SBOM gimp-gimp-windows-desktop.json already exists in database, updating...
2025-05-03 00:48:48,457 [INFO] SBOM mojang-minecraft-macos-desktop.json already exists in database, updating...
2025-05-03 00:48:48,460 [INFO] SBOM laravel.json already exists in database, updating...
2025-05-03 00:48:48,463 [INFO] SBOM libreoffice-libreoffice-windows-desktop.json already exists in database, updating...
2025-05-03 00:48:48,465 [INFO] SBOM microsoft-teams-macos-desktop.json already exists in database, updating...
2025-05-03 00:48:48,468 [INFO] SBOM cyclonedx-php-composer-demo1.json already exists in database, updating...
2025-05-03 00:48:48,468 [INFO] SBOM microsoft-skype-ios-mobile.json already exists in database, updating...
2025-05-03 00:48:48,469 [INFO] SBOM google-chrome-macos-desktop.json already exists in database, updating...
2025-05-03 00:48:48,470 [INFO] SBOM avast-avast-macos-desktop.json already exists in database, updating...
2025-05-03 00:48:48,470 [INFO] SBOM kaspersky-kaspersky-ios-mobile.json already exists in database, updating...
2025-05-03 00:48:48,471 [INFO] SBOM symantec-norton-windows-desktop.json already exists in database, updating...
2025-05-03 00:48:48,472 [INFO] SBOM zoom-zoom-ios-mobile.json already exists in database, updating...
2025-05-03 00:48:48,473 [INFO] SBOM kaspersky-kaspersky-windows-desktop.json already exists in database, updating...
2025-05-03 00:48:48,473 [INFO] SBOM adobe-lightroom-android-mobile.json already exists in database, updating...
2025-05-03 00:48:48,474 [INFO] SBOM apple-keynote-ios-mobile.json already exists in database, updating...
2025-05-03 00:48:48,476 [INFO] SBOM videolan-vlc-macos-desktop.json already exists in database, updating...
2025-05-03 00:48:48,477 [INFO] SBOM teamviewer-teamviewer-android-mobile.json already exists in database, updating...
2025-05-03 00:48:48,479 [INFO] SBOM eclipse-eclipse-macos-desktop.json already exists in database, updating...
2025-05-03 00:48:48,480 [INFO] SBOM adobe-photoshop-windows-desktop.json already exists in database, updating...
2025-05-03 00:48:48,481 [INFO] SBOM epic-epicgames-macos-desktop.json already exists in database, updating...
2025-05-03 00:48:48,482 [INFO] SBOM xbmc-kodi-linux-desktop.json already exists in database, updating...
2025-05-03 00:48:48,483 [INFO] SBOM kaspersky-kaspersky-macos-desktop.json already exists in database, updating...
2025-05-03 00:48:48,484 [INFO] SBOM mozilla-firefox-linux-desktop.json already exists in database, updating...
2025-05-03 00:48:48,485 [INFO] SBOM onlyoffice-onlyoffice-linux-desktop.json already exists in database, updating...
2025-05-03 00:48:48,485 [INFO] SBOM avast-avast-android-mobile.json already exists in database, updating...
2025-05-03 00:48:48,486 [INFO] SBOM mpc-mpc-hc-windows-desktop.json already exists in database, updating...
2025-05-03 00:48:48,487 [INFO] SBOM jetbrains-intellijidea-linux-desktop.json already exists in database, updating...
2025-05-03 00:48:48,489 [INFO] SBOM cyclonedx-php-composer-demo.json already exists in database, updating...
2025-05-03 00:48:48,490 [INFO] SBOM discord-discord-android-mobile.json already exists in database, updating...
2025-05-03 00:48:48,491 [INFO] SBOM apple-pages-ios-mobile.json already exists in database, updating...
2025-05-03 00:48:48,492 [INFO] SBOM microsoft-teams-windows-desktop.json already exists in database, updating...
2025-05-03 00:48:48,493 [INFO] SBOM macpaw-cleanmymac-macos-desktop.json already exists in database, updating...
2025-05-03 00:48:48,496 [INFO] SBOM videolan-vlc-linux-desktop.json already exists in database, updating...
2025-05-03 00:48:48,498 [INFO] SBOM brave-brave-windows-desktop.json already exists in database, updating...
2025-05-03 00:48:48,499 [INFO] SBOM mojang-minecraft-ios-mobile.json already exists in database, updating...
2025-05-03 00:48:48,500 [INFO] SBOM bitdefender-bitdefender-macos-desktop.json already exists in database, updating...
2025-05-03 00:48:48,501 [INFO] SBOM mojang-minecraft-linux-desktop.json already exists in database, updating...
2025-05-03 00:48:48,502 [INFO] SBOM google-androidstudio-macos-desktop.json already exists in database, updating...
2025-05-03 00:48:48,503 [INFO] SBOM adobe-photoshop-macos-desktop.json already exists in database, updating...
2025-05-03 00:48:48,503 [INFO] SBOM microsoft-teams-ios-mobile.json already exists in database, updating...
2025-05-03 00:48:48,504 [INFO] SBOM bitdefender-bitdefender-windows-desktop.json already exists in database, updating...
2025-05-03 00:48:48,521 [INFO] SBOM keycloak.json already exists in database, updating...
2025-05-03 00:48:48,522 [INFO] SBOM bitdefender-bitdefender-ios-mobile.json already exists in database, updating...
2025-05-03 00:48:48,522 [INFO] SBOM adobe-premiere-macos-desktop.json already exists in database, updating...
2025-05-03 00:48:48,523 [INFO] SBOM valve-steam-macos-desktop.json already exists in database, updating...
2025-05-03 00:48:48,523 [INFO] SBOM epic-epicgames-windows-desktop.json already exists in database, updating...
2025-05-03 00:48:48,524 [INFO] SBOM libreoffice-libreoffice-linux-desktop.json already exists in database, updating...
2025-05-03 00:48:48,524 [INFO] SBOM microsoft-edge-macos-desktop.json already exists in database, updating...
2025-05-03 00:48:48,526 [INFO] SBOM firefox_full_sbom.json already exists in database, updating...
2025-05-03 00:48:48,526 [INFO] SBOM import process completed
2025-05-03 00:48:48,526 [INFO] Successfully imported 176 SBOMs
2025-05-03 00:48:48,527 [WARNING] Failed to import 2 SBOMs
2025-05-03 00:48:48,528 [INFO] Total SBOMs in database: 176
2025-05-03 01:15:55,487 [INFO] Starting SBOM import process
2025-05-03 01:15:55,487 [INFO] Checking database at ./instance/sboms.db
2025-05-03 01:15:55,488 [INFO] SBOM table already exists
2025-05-03 01:15:55,490 [INFO] Found 233 SBOM files in ./sbom_files/SBOM
2025-05-03 01:15:55,506 [INFO] Found 1 additional SBOM files in ./sbom_files
2025-05-03 01:15:55,508 [INFO] Importing new SBOM telegram-telegram-linux-desktop.json...
2025-05-03 01:15:55,520 [INFO] Importing new SBOM eclipse-eclipse-linux-desktop.json...
2025-05-03 01:15:55,530 [INFO] Importing new SBOM blizzard-battlenet-macos-desktop.json...
2025-05-03 01:15:55,543 [INFO] Importing new SBOM google-chrome-linux-desktop.json...
2025-05-03 01:15:55,553 [INFO] Importing new SBOM spotify_windows_20250503_sbom.json...
2025-05-03 01:15:55,564 [INFO] Importing new SBOM teamviewer-teamviewer-ios-mobile.json...
2025-05-03 01:15:55,572 [INFO] Importing new SBOM sublime-sublimetext-windows-desktop.json...
2025-05-03 01:15:55,581 [INFO] Importing new SBOM adobe-premiere-windows-desktop.json...
2025-05-03 01:15:55,591 [INFO] Importing new SBOM apple-safari-ios-mobile.json...
2025-05-03 01:15:55,600 [INFO] Importing new SBOM zoom-zoom-linux-desktop.json...
2025-05-03 01:15:55,608 [INFO] Importing new SBOM microsoft-skype-windows-desktop.json...
2025-05-03 01:15:55,617 [INFO] Importing new SBOM vlc_macos_20250503_sbom.json...
2025-05-03 01:15:55,629 [INFO] Importing new SBOM azure-cli_linux_20250503_sbom.json...
2025-05-03 01:15:55,639 [INFO] Importing new SBOM mcafee-mcafee-macos-desktop.json...
2025-05-03 01:15:55,648 [INFO] Importing new SBOM telegram-telegram-ios-mobile.json...
2025-05-03 01:15:55,657 [INFO] Importing new SBOM symantec-norton-android-mobile.json...
2025-05-03 01:15:55,669 [INFO] Importing new SBOM symantec-norton-ios-mobile.json...
2025-05-03 01:15:55,680 [INFO] Importing new SBOM valve-steam-linux-desktop.json...
2025-05-03 01:15:55,689 [INFO] Importing new SBOM firefox_windows_20250503_sbom.json...
2025-05-03 01:15:55,701 [INFO] Importing new SBOM meta-whatsapp-ios-mobile.json...
2025-05-03 01:15:55,715 [INFO] Importing new SBOM slack_windows_20250503_sbom.json...
2025-05-03 01:15:55,723 [INFO] Importing new SBOM anydesk-anydesk-android-mobile.json...
2025-05-03 01:15:55,733 [INFO] Importing new SBOM blackmagic-davinciresolve-linux-desktop.json...
2025-05-03 01:15:55,748 [INFO] Importing new SBOM apple-numbers-macos-desktop.json...
2025-05-03 01:15:55,756 [INFO] Importing new SBOM xbmc-kodi-windows-desktop.json...
2025-05-03 01:15:55,769 [INFO] Importing new SBOM salesforce-slack-macos-desktop.json...
2025-05-03 01:15:55,777 [INFO] Importing new SBOM zoom-zoom-windows-desktop.json...
2025-05-03 01:15:55,786 [INFO] Importing new SBOM apple-itunes-macos-desktop.json...
2025-05-03 01:15:55,795 [INFO] Importing new SBOM adobe-lightroom-windows-desktop.json...
2025-05-03 01:15:55,804 [INFO] Importing new SBOM microsoft-teams-android-mobile.json...
2025-05-03 01:15:55,812 [INFO] Importing new SBOM whatsapp_ios_20250503_sbom.json...
2025-05-03 01:15:55,826 [INFO] Importing new SBOM microsoft-teams-linux-desktop.json...
2025-05-03 01:15:55,838 [INFO] Importing new SBOM symantec-norton-macos-desktop.json...
2025-05-03 01:15:55,847 [INFO] Importing new SBOM anydesk-anydesk-ios-mobile.json...
2025-05-03 01:15:55,857 [INFO] Importing new SBOM slack_linux_20250503_sbom.json...
2025-05-03 01:15:55,865 [INFO] Importing new SBOM malwarebytes-malwarebytes-windows-desktop.json...
2025-05-03 01:15:55,877 [INFO] Importing new SBOM piriform-ccleaner-windows-desktop.json...
2025-05-03 01:15:55,887 [INFO] Importing new SBOM aws-cli_linux_20250503_sbom.json...
2025-05-03 01:15:55,898 [INFO] Importing new SBOM blizzard-battlenet-windows-desktop.json...
2025-05-03 01:15:55,909 [INFO] Importing new SBOM gimp-gimp-macos-desktop.json...
2025-05-03 01:15:55,922 [INFO] Importing new SBOM teamviewer-teamviewer-linux-desktop.json...
2025-05-03 01:15:55,936 [INFO] Importing new SBOM spotify_macos_20250503_sbom.json...
2025-05-03 01:15:55,945 [INFO] Importing new SBOM libreoffice_linux_20250503_sbom.json...
2025-05-03 01:15:55,955 [INFO] Importing new SBOM steam_macos_20250503_sbom.json...
2025-05-03 01:15:55,965 [INFO] Importing new SBOM telegram-telegram-macos-desktop.json...
2025-05-03 01:15:55,978 [INFO] Importing new SBOM anydesk-anydesk-linux-desktop.json...
2025-05-03 01:15:55,987 [INFO] Importing new SBOM bitdefender_macos_20250503_sbom.json...
2025-05-03 01:15:55,998 [INFO] Importing new SBOM microsoft-skype-macos-desktop.json...
2025-05-03 01:15:56,010 [INFO] Importing new SBOM discord-discord-ios-mobile.json...
2025-05-03 01:15:56,019 [INFO] Importing new SBOM mcafee-mcafee-windows-desktop.json...
2025-05-03 01:15:56,043 [INFO] Importing new SBOM gog-gog-windows-desktop.json...
2025-05-03 01:15:56,054 [INFO] Importing new SBOM teamviewer-teamviewer-macos-desktop.json...
2025-05-03 01:15:56,065 [INFO] Importing new SBOM teams_macos_20250503_sbom.json...
2025-05-03 01:15:56,076 [INFO] Importing new SBOM microsoft-visualstudio-macos-desktop.json...
2025-05-03 01:15:56,087 [INFO] Importing new SBOM microsoft-office-windows-desktop.json...
2025-05-03 01:15:56,098 [INFO] Importing new SBOM slack_macos_20250503_sbom.json...
2025-05-03 01:15:56,108 [INFO] Importing new SBOM libreoffice_macos_20250503_sbom.json...
2025-05-03 01:15:56,121 [INFO] Importing new SBOM valve-steam-windows-desktop.json...
2025-05-03 01:15:56,133 [INFO] Importing new SBOM microsoft-skype-android-mobile.json...
2025-05-03 01:15:56,145 [INFO] Importing new SBOM zoom_linux_20250503_sbom.json...
2025-05-03 01:15:56,157 [INFO] Importing new SBOM avast_macos_20250503_sbom.json...
2025-05-03 01:15:56,168 [INFO] Importing new SBOM photoshop_macos_20250503_sbom.json...
2025-05-03 01:15:56,180 [ERROR] Error parsing JSON from ./sbom_files/SBOM/gnu-gcc-linux-desktop.json: Expecting value: line 1 column 1 (char 0)
2025-05-03 01:15:56,180 [ERROR] Failed to extract metadata from gnu-gcc-linux-desktop.json
2025-05-03 01:15:56,180 [INFO] Importing new SBOM spotify-spotify-ios-mobile.json...
2025-05-03 01:15:56,190 [INFO] Importing new SBOM chrome_linux_20250503_sbom.json...
2025-05-03 01:15:56,203 [INFO] Importing new SBOM zoom_macos_20250503_sbom.json...
2025-05-03 01:15:56,212 [INFO] Importing new SBOM videolan-vlc-android-mobile.json...
2025-05-03 01:15:56,221 [INFO] Importing new SBOM xbmc-kodi-android-mobile.json...
2025-05-03 01:15:56,232 [INFO] Importing new SBOM intellij_windows_20250503_sbom.json...
2025-05-03 01:15:56,242 [INFO] Importing new SBOM eclipse-eclipse-windows-desktop.json...
2025-05-03 01:15:56,253 [INFO] Importing new SBOM avast-avast-windows-desktop.json...
2025-05-03 01:15:56,268 [INFO] Importing new SBOM lhc-vdm-editor.json...
2025-05-03 01:15:56,278 [INFO] Importing new SBOM apple-safari-macos-desktop.json...
2025-05-03 01:15:56,289 [INFO] Importing new SBOM meta-whatsapp-windows-desktop.json...
2025-05-03 01:15:56,300 [INFO] Importing new SBOM avast_windows_20250503_sbom.json...
2025-05-03 01:15:56,311 [INFO] Importing new SBOM opera-opera-windows-desktop.json...
2025-05-03 01:15:56,323 [INFO] Importing new SBOM intellij_linux_20250503_sbom.json...
2025-05-03 01:15:56,333 [INFO] Importing new SBOM whatsapp_android_20250503_sbom.json...
2025-05-03 01:15:56,342 [INFO] Importing new SBOM winamp-winamp-windows-desktop.json...
2025-05-03 01:15:56,354 [INFO] Importing new SBOM gimp_linux_20250503_sbom.json...
2025-05-03 01:15:56,365 [INFO] Importing new SBOM microsoft-vscode-linux-desktop.json...
2025-05-03 01:15:56,377 [INFO] Importing new SBOM teams_linux_20250503_sbom.json...
2025-05-03 01:15:56,387 [INFO] Importing new SBOM microsoft-vscode-macos-desktop.json...
2025-05-03 01:15:56,397 [INFO] Importing new SBOM xbmc-kodi-macos-desktop.json...
2025-05-03 01:15:56,410 [INFO] Importing new SBOM salesforce-slack-android-mobile.json...
2025-05-03 01:15:56,454 [INFO] Importing new SBOM keycloak-parent.json...
2025-05-03 01:15:56,465 [INFO] Importing new SBOM discord-discord-macos-desktop.json...
2025-05-03 01:15:56,475 [INFO] Importing new SBOM telegram-telegram-android-mobile.json...
2025-05-03 01:15:56,486 [INFO] Importing new SBOM gog-gog-macos-desktop.json...
2025-05-03 01:15:56,495 [INFO] Importing new SBOM gimp-gimp-linux-desktop.json...
2025-05-03 01:15:56,507 [INFO] Importing new SBOM apple-keynote-macos-desktop.json...
2025-05-03 01:15:56,515 [INFO] Importing new SBOM microsoft-vscode-windows-desktop.json...
2025-05-03 01:15:56,525 [INFO] Importing new SBOM apple-finalcutpro-macos-desktop.json...
2025-05-03 01:15:56,535 [INFO] Importing new SBOM mozilla-firefox-macos-desktop.json...
2025-05-03 01:15:56,544 [INFO] Importing new SBOM kaspersky-kaspersky-android-mobile.json...
2025-05-03 01:15:56,556 [INFO] Importing new SBOM jetbrains-intellijidea-macos-desktop.json...
2025-05-03 01:15:56,570 [INFO] Importing new SBOM photoshop_windows_20250503_sbom.json...
2025-05-03 01:15:56,587 [INFO] Importing new SBOM google-androidstudio-linux-desktop.json...
2025-05-03 01:15:56,615 [INFO] Importing new SBOM sublime-sublimetext-macos-desktop.json...
2025-05-03 01:15:56,668 [INFO] Importing new SBOM anydesk-anydesk-windows-desktop.json...
2025-05-03 01:15:56,695 [INFO] Importing new SBOM vscode_windows_20250503_sbom.json...
2025-05-03 01:15:56,830 [INFO] Importing new SBOM juice-shop.json...
2025-05-03 01:15:56,866 [INFO] Importing new SBOM teams_windows_20250503_sbom.json...
2025-05-03 01:15:56,911 [INFO] Importing new SBOM salesforce-slack-linux-desktop.json...
2025-05-03 01:15:56,936 [INFO] Importing new SBOM spotify-spotify-linux-desktop.json...
2025-05-03 01:15:56,960 [INFO] Importing new SBOM videolan-vlc-ios-mobile.json...
2025-05-03 01:15:56,991 [INFO] Importing new SBOM instagram_android_20250503_sbom.json...
2025-05-03 01:15:57,011 [INFO] Importing new SBOM spotify-spotify-windows-desktop.json...
2025-05-03 01:15:57,026 [INFO] Importing new SBOM blackmagic-davinciresolve-macos-desktop.json...
2025-05-03 01:15:57,044 [INFO] Importing new SBOM meta-whatsapp-android-mobile.json...
2025-05-03 01:15:57,063 [INFO] Importing new SBOM telegram-telegram-windows-desktop.json...
2025-05-03 01:15:57,081 [INFO] Importing new SBOM 7zip-7zip-windows-desktop.json...
2025-05-03 01:15:57,095 [INFO] Importing new SBOM onlyoffice-onlyoffice-macos-desktop.json...
2025-05-03 01:15:57,112 [INFO] Importing new SBOM meta-whatsapp-macos-desktop.json...
2025-05-03 01:15:57,139 [INFO] Importing new SBOM apple-itunes-windows-desktop.json...
2025-05-03 01:15:57,157 [INFO] Importing new SBOM office_windows_20250503_sbom.json...
2025-05-03 01:15:57,173 [INFO] Importing new SBOM opera-opera-linux-desktop.json...
2025-05-03 01:15:57,199 [INFO] Importing new SBOM adobe-lightroom-ios-mobile.json...
2025-05-03 01:15:57,220 [INFO] Importing new SBOM jetbrains-intellijidea-windows-desktop.json...
2025-05-03 01:15:57,237 [INFO] Importing new SBOM ea-origin-macos-desktop.json...
2025-05-03 01:15:57,303 [INFO] Importing new SBOM adobe-lightroom-macos-desktop.json...
2025-05-03 01:15:57,336 [INFO] Importing new SBOM zoom-zoom-macos-desktop.json...
2025-05-03 01:15:57,379 [INFO] Importing new SBOM rarlab-winrar-windows-desktop.json...
2025-05-03 01:15:57,405 [INFO] Importing new SBOM microsoft-office-macos-desktop.json...
2025-05-03 01:15:57,443 [INFO] Importing new SBOM sublime-sublimetext-linux-desktop.json...
2025-05-03 01:15:57,465 [INFO] Importing new SBOM opera-opera-macos-desktop.json...
2025-05-03 01:15:57,485 [INFO] Importing new SBOM proton-bridge-v1.8.0.bom.json...
2025-05-03 01:15:57,549 [INFO] Importing new SBOM spotify_linux_20250503_sbom.json...
2025-05-03 01:15:57,620 [INFO] Importing new SBOM zoom-zoom-android-mobile.json...
2025-05-03 01:15:57,672 [INFO] Importing new SBOM salesforce-slack-ios-mobile.json...
2025-05-03 01:15:57,722 [INFO] Importing new SBOM google-chrome-windows-desktop.json...
2025-05-03 01:15:57,751 [INFO] Importing new SBOM teamviewer-teamviewer-windows-desktop.json...
2025-05-03 01:15:57,779 [INFO] Importing new SBOM onlyoffice-onlyoffice-windows-desktop.json...
2025-05-03 01:15:57,795 [INFO] Importing new SBOM epicgames_macos_20250503_sbom.json...
2025-05-03 01:15:57,844 [INFO] Importing new SBOM microsoft-skype-linux-desktop.json...
2025-05-03 01:15:57,862 [INFO] Importing new SBOM mcafee-mcafee-ios-mobile.json...
2025-05-03 01:15:57,882 [INFO] Importing new SBOM apple-numbers-ios-mobile.json...
2025-05-03 01:15:57,898 [INFO] Importing new SBOM brave-brave-linux-desktop.json...
2025-05-03 01:15:57,912 [INFO] Importing new SBOM proton-bridge-v1.6.3.bom.json...
2025-05-03 01:15:57,930 [INFO] Importing new SBOM mozilla-firefox-windows-desktop.json...
2025-05-03 01:15:57,943 [INFO] Importing new SBOM firefox_linux_20250503_sbom.json...
2025-05-03 01:15:57,957 [INFO] Importing new SBOM libreoffice-libreoffice-macos-desktop.json...
2025-05-03 01:15:58,246 [ERROR] Error parsing JSON from ./sbom_files/SBOM/postgresql-postgresql-linux-desktop.json: Expecting value: line 1 column 1 (char 0)
2025-05-03 01:15:58,246 [ERROR] Failed to extract metadata from postgresql-postgresql-linux-desktop.json
2025-05-03 01:15:58,247 [INFO] Importing new SBOM intellij_macos_20250503_sbom.json...
2025-05-03 01:15:58,505 [INFO] Importing new SBOM bitdefender-bitdefender-android-mobile.json...
2025-05-03 01:15:58,587 [INFO] Importing new SBOM ea-origin-windows-desktop.json...
2025-05-03 01:15:58,643 [INFO] Importing new SBOM microsoft-edge-windows-desktop.json...
2025-05-03 01:15:58,660 [INFO] Importing new SBOM spotify-spotify-macos-desktop.json...
2025-05-03 01:15:58,708 [INFO] Importing new SBOM malwarebytes-malwarebytes-macos-desktop.json...
2025-05-03 01:15:58,729 [INFO] Importing new SBOM microsoft-visualstudio-windows-desktop.json...
2025-05-03 01:15:58,751 [INFO] Importing new SBOM mojang-minecraft-windows-desktop.json...
2025-05-03 01:15:58,767 [INFO] Importing new SBOM apple-xcode-macos-desktop.json...
2025-05-03 01:15:58,783 [INFO] Importing new SBOM vscode_macos_20250503_sbom.json...
2025-05-03 01:15:58,799 [INFO] Importing new SBOM salesforce-slack-windows-desktop.json...
2025-05-03 01:15:58,815 [INFO] Importing new SBOM google-androidstudio-windows-desktop.json...
2025-05-03 01:15:58,834 [INFO] Importing new SBOM vlc_linux_20250503_sbom.json...
2025-05-03 01:15:58,856 [INFO] Importing new SBOM zoom_windows_20250503_sbom.json...
2025-05-03 01:15:58,871 [INFO] Importing new SBOM anydesk-anydesk-macos-desktop.json...
2025-05-03 01:15:58,909 [INFO] Importing new SBOM discord-discord-linux-desktop.json...
2025-05-03 01:15:58,986 [INFO] Importing new SBOM mcafee-mcafee-android-mobile.json...
2025-05-03 01:15:59,026 [INFO] Importing new SBOM apple-pages-macos-desktop.json...
2025-05-03 01:15:59,074 [INFO] Importing new SBOM blackmagic-davinciresolve-windows-desktop.json...
2025-05-03 01:15:59,103 [INFO] Importing new SBOM tiktok_ios_20250503_sbom.json...
2025-05-03 01:15:59,125 [INFO] Importing new SBOM discord-discord-windows-desktop.json...
2025-05-03 01:15:59,143 [INFO] Importing new SBOM brave-brave-macos-desktop.json...
2025-05-03 01:15:59,184 [INFO] Importing new SBOM videolan-vlc-windows-desktop.json...
2025-05-03 01:15:59,215 [INFO] Importing new SBOM spotify-spotify-android-mobile.json...
2025-05-03 01:15:58,322 [INFO] Importing new SBOM mojang-minecraft-android-mobile.json...
2025-05-03 01:15:58,384 [INFO] Importing new SBOM gimp-gimp-windows-desktop.json...
2025-05-03 01:15:58,403 [INFO] Importing new SBOM office_macos_20250503_sbom.json...
2025-05-03 01:15:58,448 [INFO] Importing new SBOM mojang-minecraft-macos-desktop.json...
2025-05-03 01:15:58,476 [INFO] Importing new SBOM laravel.json...
2025-05-03 01:15:58,507 [INFO] Importing new SBOM libreoffice-libreoffice-windows-desktop.json...
2025-05-03 01:15:58,541 [INFO] Importing new SBOM microsoft-teams-macos-desktop.json...
2025-05-03 01:15:58,586 [INFO] Importing new SBOM cyclonedx-php-composer-demo1.json...
2025-05-03 01:15:58,665 [INFO] Importing new SBOM steam_linux_20250503_sbom.json...
2025-05-03 01:15:58,761 [INFO] Importing new SBOM microsoft-skype-ios-mobile.json...
2025-05-03 01:15:58,789 [INFO] Importing new SBOM google-chrome-macos-desktop.json...
2025-05-03 01:15:58,842 [INFO] Importing new SBOM avast-avast-macos-desktop.json...
2025-05-03 01:15:58,962 [INFO] Importing new SBOM kaspersky-kaspersky-ios-mobile.json...
2025-05-03 01:15:59,043 [INFO] Importing new SBOM symantec-norton-windows-desktop.json...
2025-05-03 01:15:59,138 [INFO] Importing new SBOM zoom-zoom-ios-mobile.json...
2025-05-03 01:15:59,195 [INFO] Importing new SBOM kaspersky-kaspersky-windows-desktop.json...
2025-05-03 01:15:59,239 [INFO] Importing new SBOM epicgames_windows_20250503_sbom.json...
2025-05-03 01:15:59,263 [INFO] Importing new SBOM edge_windows_20250503_sbom.json...
2025-05-03 01:15:59,298 [INFO] Importing new SBOM bitdefender_windows_20250503_sbom.json...
2025-05-03 01:15:59,329 [INFO] Importing new SBOM libreoffice_windows_20250503_sbom.json...
2025-05-03 01:15:59,348 [INFO] Importing new SBOM firefox_macos_20250503_sbom.json...
2025-05-03 01:15:59,379 [INFO] Importing new SBOM adobe-lightroom-android-mobile.json...
2025-05-03 01:15:59,401 [INFO] Importing new SBOM apple-keynote-ios-mobile.json...
2025-05-03 01:15:59,428 [INFO] Importing new SBOM videolan-vlc-macos-desktop.json...
2025-05-03 01:15:59,444 [INFO] Importing new SBOM teamviewer-teamviewer-android-mobile.json...
2025-05-03 01:15:59,456 [INFO] Importing new SBOM instagram_ios_20250503_sbom.json...
2025-05-03 01:15:59,472 [INFO] Importing new SBOM eclipse-eclipse-macos-desktop.json...
2025-05-03 01:15:59,487 [INFO] Importing new SBOM adobe-photoshop-windows-desktop.json...
2025-05-03 01:15:59,503 [INFO] Importing new SBOM epic-epicgames-macos-desktop.json...
2025-05-03 01:15:59,523 [INFO] Importing new SBOM gimp_windows_20250503_sbom.json...
2025-05-03 01:15:59,542 [INFO] Importing new SBOM xbmc-kodi-linux-desktop.json...
2025-05-03 01:15:59,586 [INFO] Importing new SBOM kaspersky-kaspersky-macos-desktop.json...
2025-05-03 01:15:59,603 [INFO] Importing new SBOM mozilla-firefox-linux-desktop.json...
2025-05-03 01:15:59,616 [INFO] Importing new SBOM onlyoffice-onlyoffice-linux-desktop.json...
2025-05-03 01:15:59,629 [INFO] Importing new SBOM tiktok_android_20250503_sbom.json...
2025-05-03 01:15:59,643 [INFO] Importing new SBOM avast-avast-android-mobile.json...
2025-05-03 01:15:59,655 [INFO] Importing new SBOM mpc-mpc-hc-windows-desktop.json...
2025-05-03 01:15:59,674 [INFO] Importing new SBOM jetbrains-intellijidea-linux-desktop.json...
2025-05-03 01:15:59,695 [INFO] Importing new SBOM cyclonedx-php-composer-demo.json...
2025-05-03 01:15:59,710 [INFO] Importing new SBOM chrome_windows_20250503_sbom.json...
2025-05-03 01:15:59,723 [INFO] Importing new SBOM steam_windows_20250503_sbom.json...
2025-05-03 01:15:59,737 [INFO] Importing new SBOM discord-discord-android-mobile.json...
2025-05-03 01:15:59,750 [INFO] Importing new SBOM apple-pages-ios-mobile.json...
2025-05-03 01:15:59,763 [INFO] Importing new SBOM microsoft-teams-windows-desktop.json...
2025-05-03 01:15:59,778 [INFO] Importing new SBOM macpaw-cleanmymac-macos-desktop.json...
2025-05-03 01:15:59,792 [INFO] Importing new SBOM chrome_macos_20250503_sbom.json...
2025-05-03 01:15:59,805 [INFO] Importing new SBOM videolan-vlc-linux-desktop.json...
2025-05-03 01:15:59,819 [INFO] Importing new SBOM vscode_linux_20250503_sbom.json...
2025-05-03 01:15:59,832 [INFO] Importing new SBOM gimp_macos_20250503_sbom.json...
2025-05-03 01:15:59,843 [INFO] Importing new SBOM brave-brave-windows-desktop.json...
2025-05-03 01:15:59,855 [INFO] Importing new SBOM mojang-minecraft-ios-mobile.json...
2025-05-03 01:15:59,865 [INFO] Importing new SBOM gcloud_linux_20250503_sbom.json...
2025-05-03 01:15:59,880 [INFO] Importing new SBOM bitdefender-bitdefender-macos-desktop.json...
2025-05-03 01:15:59,895 [INFO] Importing new SBOM mojang-minecraft-linux-desktop.json...
2025-05-03 01:15:59,908 [INFO] Importing new SBOM google-androidstudio-macos-desktop.json...
2025-05-03 01:15:59,921 [INFO] Importing new SBOM adobe-photoshop-macos-desktop.json...
2025-05-03 01:15:59,934 [INFO] Importing new SBOM microsoft-teams-ios-mobile.json...
2025-05-03 01:15:59,947 [INFO] Importing new SBOM bitdefender-bitdefender-windows-desktop.json...
2025-05-03 01:15:59,982 [INFO] Importing new SBOM keycloak.json...
2025-05-03 01:15:59,995 [INFO] Importing new SBOM bitdefender-bitdefender-ios-mobile.json...
2025-05-03 01:16:00,005 [INFO] Importing new SBOM adobe-premiere-macos-desktop.json...
2025-05-03 01:16:00,018 [INFO] Importing new SBOM valve-steam-macos-desktop.json...
2025-05-03 01:16:00,030 [INFO] Importing new SBOM epic-epicgames-windows-desktop.json...
2025-05-03 01:16:00,044 [INFO] Importing new SBOM vlc_windows_20250503_sbom.json...
2025-05-03 01:16:00,057 [INFO] Importing new SBOM libreoffice-libreoffice-linux-desktop.json...
2025-05-03 01:16:00,070 [INFO] Importing new SBOM microsoft-edge-macos-desktop.json...
2025-05-03 01:16:00,087 [INFO] Importing new SBOM firefox_full_sbom.json...
2025-05-03 01:16:00,099 [INFO] SBOM import process completed
2025-05-03 01:16:00,100 [INFO] Successfully imported 232 SBOMs
2025-05-03 01:16:00,100 [WARNING] Failed to import 2 SBOMs
2025-05-03 01:16:00,101 [INFO] Total SBOMs in database: 232
